As of Feb 13, 2021 at 19:17 UTC, there have been 108,906,215 total COVID-19 cases.

This version of the notebook is being run on Feb 13, 2021.

['Fiji', 'Marshall Islands', 'Vanuatu', 'Greenland', 'Micronesia', 'Tajikistan', 'China', 'Samoa', 'China']

Dataset is 0.06 MB

[NbConvertApp] Converting notebook __notebook__.ipynb to notebook

[NbConvertApp] Writing 2986194 bytes to __notebook__.ipynb

[NbConvertApp] Converting notebook __notebook__.ipynb to html

[NbConvertApp] Support files will be in __results___files/

[NbConvertApp] Making directory __results___files

[NbConvertApp] Making directory __results___files

[NbConvertApp] Making directory __results___files

[NbConvertApp] Making directory __results___files

[NbConvertApp] Making directory __results___files

[NbConvertApp] Making directory __results___files

[NbConvertApp] Making directory __results___files

[NbConvertApp] Making directory __results___files

[NbConvertApp] Making directory __results___files

[NbConvertApp] Making directory __results___files

[NbConvertApp] Making directory __results___files

[NbConvertApp] Making directory __results___files

[NbConvertApp] Making directory __results___files

[NbConvertApp] Making directory __results___files

[NbConvertApp] Making directory __results___files

[NbConvertApp] Making directory __results___files

[NbConvertApp] Writing 1020153 bytes to __results__.html
